<?xml version="1.0" encoding="UTF-8"?>
<!-- Generated by org.testng.reporters.JUnitXMLReporter -->
<testsuite hostname="WRD-93" ignored="0" name="Default test" tests="3" failures="0" timestamp="2020-04-12T20:51:23 IST" time="64.869" errors="0">
  <testcase name="loginPageTitleTest" time="0.032" classname="com.crm.qa.testCases.LoginPageTest"/>
  <testcase name="crmLogoImageTest" time="0.388" classname="com.crm.qa.testCases.LoginPageTest"/>
  <testcase name="loginTest" time="6.213" classname="com.crm.qa.testCases.LoginPageTest"/>
</testsuite> <!-- Default test -->
