<?xml version="1.0" encoding="UTF-8"?>
<!-- Generated by org.testng.reporters.JUnitXMLReporter -->
<testsuite hostname="WRD-93" ignored="0" name="Command line test" tests="11" failures="0" timestamp="2020-04-23T16:13:06 IST" time="261.529" errors="0">
  <testcase name="verifyContactsPageLabel" time="1.088" classname="com.crm.qa.testCases.ContactsPageTest"/>
  <testcase name="selectContactTest" time="1.071" classname="com.crm.qa.testCases.ContactsPageTest"/>
  <testcase name="validateCreateNewContact" time="2.19" classname="com.crm.qa.testCases.ContactsPageTest"/>
  <testcase name="validateCreateNewContact" time="2.205" classname="com.crm.qa.testCases.ContactsPageTest"/>
  <testcase name="validateCreateNewContact" time="2.442" classname="com.crm.qa.testCases.ContactsPageTest"/>
  <testcase name="verifyHomePageTitleTest" time="0.014" classname="com.crm.qa.testCases.HomePageTest"/>
  <testcase name="verifyUserNameTest" time="0.11" classname="com.crm.qa.testCases.HomePageTest"/>
  <testcase name="verifyContactsLink" time="0.194" classname="com.crm.qa.testCases.HomePageTest"/>
  <testcase name="loginPageTitleTest" time="0.014" classname="com.crm.qa.testCases.LoginPageTest"/>
  <testcase name="crmLogoImageTest" time="0.395" classname="com.crm.qa.testCases.LoginPageTest"/>
  <testcase name="loginTest" time="5.72" classname="com.crm.qa.testCases.LoginPageTest"/>
</testsuite> <!-- Command line test -->
