<?xml version="1.0" encoding="UTF-8"?>
<!-- Generated by org.testng.reporters.JUnitXMLReporter -->
<testsuite hostname="WRD-93" ignored="0" name="Free CRM TestCases" tests="3" failures="0" timestamp="2020-04-06T02:39:00 IST" time="54.559" errors="0">
  <testcase name="loginPageTitleTest" time="0.1" classname="com.crm.qa.testCases.LoginPageTest"/>
  <testcase name="crmLogoImageTest" time="0.474" classname="com.crm.qa.testCases.LoginPageTest"/>
  <testcase name="loginTest" time="5.756" classname="com.crm.qa.testCases.LoginPageTest"/>
</testsuite> <!-- Free CRM TestCases -->
