<?xml version="1.0" encoding="UTF-8"?>
<!-- Generated by org.testng.reporters.JUnitXMLReporter -->
<testsuite hostname="WRD-93" ignored="0" name="Free CRM TestCases" tests="11" failures="0" timestamp="2020-04-23T11:01:15 IST" time="259.297" errors="0">
  <testcase name="loginPageTitleTest" time="0.045" classname="com.crm.qa.testCases.LoginPageTest"/>
  <testcase name="crmLogoImageTest" time="0.414" classname="com.crm.qa.testCases.LoginPageTest"/>
  <testcase name="loginTest" time="6.035" classname="com.crm.qa.testCases.LoginPageTest"/>
  <testcase name="verifyHomePageTitleTest" time="0.019" classname="com.crm.qa.testCases.HomePageTest"/>
  <testcase name="verifyUserNameTest" time="0.098" classname="com.crm.qa.testCases.HomePageTest"/>
  <testcase name="verifyContactsLink" time="0.199" classname="com.crm.qa.testCases.HomePageTest"/>
  <testcase name="verifyContactsPageLabel" time="0.95" classname="com.crm.qa.testCases.ContactsPageTest"/>
  <testcase name="selectContactTest" time="0.998" classname="com.crm.qa.testCases.ContactsPageTest"/>
  <testcase name="validateCreateNewContact" time="2.05" classname="com.crm.qa.testCases.ContactsPageTest"/>
  <testcase name="validateCreateNewContact" time="2.221" classname="com.crm.qa.testCases.ContactsPageTest"/>
  <testcase name="validateCreateNewContact" time="2.256" classname="com.crm.qa.testCases.ContactsPageTest"/>
</testsuite> <!-- Free CRM TestCases -->
