<?xml version="1.0" encoding="UTF-8" ?>
<testsuite tests="11" failures="0" name="TestSuite" time="15.437" errors="0" skipped="0">
  <properties>
[...]
</properties>
  <testcase classname="com.crm.qa.testCases.ContactsPageTest" name="verifyContactsPageLabel" time="1.081"/>
  <testcase classname="com.crm.qa.testCases.ContactsPageTest" name="selectContactTest" time="1.069"/>
  <testcase classname="com.crm.qa.testCases.ContactsPageTest" name="validateCreateNewContact" time="2.192"/>
  <testcase classname="com.crm.qa.testCases.ContactsPageTest" name="validateCreateNewContact" time="2.205"/>
  <testcase classname="com.crm.qa.testCases.ContactsPageTest" name="validateCreateNewContact" time="2.442"/>
  <testcase classname="com.crm.qa.testCases.HomePageTest" name="verifyHomePageTitleTest" time="0.014"/>
  <testcase classname="com.crm.qa.testCases.HomePageTest" name="verifyUserNameTest" time="0.109"/>
  <testcase classname="com.crm.qa.testCases.HomePageTest" name="verifyContactsLink" time="0.194"/>
  <testcase classname="com.crm.qa.testCases.LoginPageTest" name="loginPageTitleTest" time="0.014"/>
  <testcase classname="com.crm.qa.testCases.LoginPageTest" name="crmLogoImageTest" time="0.396"/>
  <testcase classname="com.crm.qa.testCases.LoginPageTest" name="loginTest" time="5.721"/>
</testsuite>